{
  "RSpec": {
    "coverage": {
      "/private/tmp/sorbet-deadcode/lib/sorbet_deadcode.rb": {
        "lines": [
          null,
          null,
          1,
          null,
          1,
          1,
          1,
          1,
          1,
          1,
          1,
          1,
          1,
          1,
          1,
          1,
          null,
          1,
          1,
          null,
          1,
          1,
          10,
          null,
          null,
          null,
          null,
          10,
          null,
          null,
          1,
          1,
          null,
          null,
          null,
          null,
          null,
          1,
          null,
          null,
          1,
          1,
          null,
          null,
          null,
          null,
          null,
          1,
          null,
          null,
          1,
          1,
          null,
          null,
          null,
          null,
          1,
          null,
          null,
          1,
          2,
          2,
          null,
          null,
          null,
          2,
          null,
          null,
          null
        ],
        "branches": {}
      },
      "/private/tmp/sorbet-deadcode/lib/sorbet_deadcode/definition.rb": {
        "lines": [
          null,
          null,
          1,
          1,
          1,
          null,
          1,
          null,
          null,
          null,
          null,
          1,
          467,
          null,
          466,
          466,
          466,
          466,
          466,
          466,
          null,
          null,
          1,
          3,
          null,
          2,
          2,
          null,
          null,
          1,
          4,
          null,
          null,
          null,
          null,
          null,
          1,
          null,
          1,
          2,
          null,
          null,
          null
        ],
        "branches": {
          "[:unless, 0, 13, 6, 13, 78]": {
            "[:else, 1, 13, 6, 13, 78]": 466,
            "[:then, 2, 13, 6, 13, 50]": 1
          },
          "[:unless, 3, 24, 6, 24, 40]": {
            "[:else, 4, 24, 6, 24, 40]": 2,
            "[:then, 5, 24, 6, 24, 22]": 1
          },
          "[:if, 6, 26, 18, 26, 46]": {
            "[:then, 7, 26, 36, 26, 39]": 1,
            "[:else, 8, 26, 42, 26, 46]": 1
          }
        }
      },
      "/private/tmp/sorbet-deadcode/lib/sorbet_deadcode/reference.rb": {
        "lines": [
          null,
          null,
          1,
          1,
          null,
          null,
          null,
          null,
          null,
          1,
          null,
          1,
          null,
          null,
          null,
          null,
          1,
          626,
          null,
          625,
          625,
          625,
          625,
          null,
          null,
          1,
          478,
          null,
          null,
          1,
          4,
          null,
          null,
          null,
          null,
          null,
          1,
          null,
          1,
          2,
          null,
          null,
          null
        ],
        "branches": {
          "[:unless, 0, 18, 6, 18, 78]": {
            "[:else, 1, 18, 6, 18, 78]": 625,
            "[:then, 2, 18, 6, 18, 50]": 1
          }
        }
      },
      "/private/tmp/sorbet-deadcode/lib/sorbet_deadcode/collector/definition_collector.rb": {
        "lines": [
          null,
          null,
          1,
          1,
          null,
          null,
          1,
          1,
          null,
          1,
          112,
          112,
          112,
          112,
          null,
          null,
          1,
          101,
          101,
          101,
          null,
          null,
          null,
          null,
          null,
          101,
          101,
          101,
          null,
          null,
          1,
          7,
          7,
          7,
          null,
          null,
          null,
          null,
          null,
          7,
          7,
          7,
          null,
          null,
          1,
          222,
          222,
          222,
          null,
          222,
          null,
          null,
          null,
          null,
          222,
          null,
          null,
          1,
          23,
          23,
          null,
          null,
          null,
          null,
          null,
          null,
          null,
          23,
          null,
          null,
          null,
          null,
          null,
          null,
          1,
          23,
          23,
          23,
          null,
          null,
          1,
          49,
          null,
          12,
          12,
          null,
          11,
          null,
          1,
          3,
          null,
          2,
          null,
          null,
          null,
          6,
          null,
          null,
          null,
          1,
          428,
          310,
          null,
          22,
          null,
          2,
          null,
          1,
          1,
          null,
          null,
          428,
          null,
          null,
          1,
          null,
          1,
          26,
          null,
          25,
          52,
          null,
          51,
          51,
          51,
          51,
          null,
          51,
          null,
          null,
          null,
          null,
          null,
          null,
          null,
          1,
          427,
          null,
          314,
          null,
          null,
          1,
          131,
          131,
          null,
          null,
          1,
          404,
          null,
          null,
          null,
          null
        ],
        "branches": {
          "[:if, 0, 50, 21, 50, 54]": {
            "[:then, 1, 50, 29, 50, 47]": 220,
            "[:else, 2, 50, 50, 50, 54]": 2
          },
          "[:case, 3, 82, 8, 97, 11]": {
            "[:when, 4, 84, 10, 85, 59]": 12,
            "[:when, 5, 87, 10, 87, 79]": 4,
            "[:when, 6, 89, 10, 93, 13]": 1,
            "[:when, 7, 96, 10, 96, 79]": 6,
            "[:else, 8, 82, 8, 97, 11]": 26
          },
          "[:unless, 9, 90, 12, 90, 53]": {
            "[:else, 10, 90, 12, 90, 53]": 2,
            "[:then, 11, 90, 12, 90, 16]": 1
          },
          "[:if, 12, 96, 10, 96, 79]": {
            "[:then, 13, 96, 10, 96, 62]": 5,
            "[:else, 14, 96, 10, 96, 79]": 1
          },
          "[:if, 15, 101, 8, 111, 11]": {
            "[:then, 16, 102, 10, 110, 13]": 310,
            "[:else, 17, 101, 8, 111, 11]": 118
          },
          "[:case, 18, 102, 10, 110, 13]": {
            "[:when, 19, 104, 12, 104, 49]": 22,
            "[:when, 20, 106, 12, 106, 49]": 2,
            "[:when, 21, 108, 12, 109, 49]": 1,
            "[:else, 22, 102, 10, 110, 13]": 285
          },
          "[:unless, 23, 118, 8, 118, 36]": {
            "[:else, 24, 118, 8, 118, 36]": 25,
            "[:then, 25, 118, 8, 118, 14]": 1
          },
          "[:unless, 26, 121, 10, 121, 50]": {
            "[:else, 27, 121, 10, 121, 50]": 51,
            "[:then, 28, 121, 10, 121, 14]": 1
          },
          "[:if, 29, 124, 24, 124, 64]": {
            "[:then, 30, 124, 47, 124, 57]": 3,
            "[:else, 31, 124, 60, 124, 64]": 48
          },
          "[:if, 32, 128, 23, 128, 70]": {
            "[:then, 33, 128, 31, 128, 56]": 50,
            "[:else, 34, 128, 59, 128, 70]": 1
          },
          "[:if, 35, 137, 8, 137, 45]": {
            "[:then, 36, 137, 8, 137, 18]": 113,
            "[:else, 37, 137, 8, 137, 45]": 314
          },
          "[:if, 38, 144, 8, 144, 27]": {
            "[:then, 39, 144, 13, 144, 22]": 23,
            "[:else, 40, 144, 25, 144, 27]": 108
          }
        }
      },
      "/private/tmp/sorbet-deadcode/lib/sorbet_deadcode/collector/reference_collector.rb": {
        "lines": [
          null,
          null,
          1,
          1,
          null,
          null,
          null,
          1,
          1,
          null,
          1,
          null,
          1,
          113,
          113,
          113,
          113,
          113,
          113,
          113,
          113,
          null,
          null,
          1,
          88,
          88,
          null,
          null,
          null,
          null,
          null,
          88,
          1,
          null,
          null,
          null,
          null,
          null,
          null,
          88,
          88,
          null,
          null,
          1,
          4,
          4,
          4,
          4,
          null,
          null,
          1,
          215,
          215,
          null,
          215,
          215,
          208,
          208,
          20,
          20,
          null,
          null,
          null,
          215,
          null,
          null,
          235,
          215,
          null,
          null,
          1,
          452,
          452,
          null,
          452,
          32,
          420,
          131,
          131,
          null,
          null,
          null,
          null,
          null,
          null,
          289,
          null,
          null,
          null,
          null,
          null,
          null,
          452,
          null,
          null,
          1,
          237,
          null,
          143,
          null,
          null,
          null,
          null,
          143,
          null,
          null,
          1,
          12,
          null,
          9,
          9,
          null,
          null,
          null,
          null,
          9,
          9,
          19,
          null,
          null,
          null,
          null,
          null,
          9,
          null,
          null,
          null,
          1,
          12,
          11,
          null,
          null,
          null,
          11,
          null,
          12,
          null,
          null,
          1,
          null,
          1,
          32,
          null,
          32,
          null,
          7,
          7,
          null,
          null,
          null,
          null,
          null,
          7,
          null,
          null,
          null,
          25,
          25,
          null,
          21,
          4,
          null,
          null,
          3,
          null,
          null,
          null,
          null,
          null,
          null,
          1,
          25,
          25,
          null,
          22,
          22,
          null,
          21,
          null,
          null,
          1,
          203,
          null,
          194,
          null,
          40,
          null,
          1,
          null,
          50,
          null,
          2,
          null,
          null,
          57,
          57,
          null,
          null,
          null,
          null,
          null,
          null,
          1,
          88,
          88,
          null,
          2,
          null,
          null,
          1,
          425,
          null,
          423,
          null,
          null,
          1,
          605,
          null,
          null,
          null,
          null
        ],
        "branches": {
          "[:if, 0, 32, 8, 38, 11]": {
            "[:then, 1, 33, 10, 37, 11]": 1,
            "[:else, 2, 32, 8, 38, 11]": 87
          },
          "[:if, 3, 56, 8, 62, 11]": {
            "[:then, 4, 57, 10, 61, 13]": 208,
            "[:else, 5, 56, 8, 62, 11]": 7
          },
          "[:\"&.\", 6, 58, 10, 58, 27]": {
            "[:then, 7, 58, 10, 58, 27]": 84,
            "[:else, 8, 58, 10, 58, 27]": 124
          },
          "[:\"&.\", 9, 58, 10, 58, 33]": {
            "[:then, 10, 58, 10, 58, 33]": 84,
            "[:else, 11, 58, 10, 58, 33]": 124
          },
          "[:if, 12, 75, 8, 91, 11]": {
            "[:then, 13, 76, 10, 76, 50]": 32,
            "[:else, 14, 77, 8, 91, 11]": 420
          },
          "[:if, 15, 77, 8, 91, 11]": {
            "[:then, 16, 78, 10, 84, 11]": 131,
            "[:else, 17, 86, 10, 90, 11]": 289
          },
          "[:if, 18, 97, 8, 97, 80]": {
            "[:then, 19, 97, 8, 97, 20]": 94,
            "[:else, 20, 97, 8, 97, 80]": 143
          },
          "[:if, 21, 108, 8, 108, 80]": {
            "[:then, 22, 108, 8, 108, 20]": 3,
            "[:else, 23, 108, 8, 108, 80]": 9
          },
          "[:if, 24, 129, 8, 135, 11]": {
            "[:then, 25, 130, 10, 134, 53]": 11,
            "[:else, 26, 129, 8, 135, 11]": 1
          },
          "[:if, 27, 134, 10, 134, 53]": {
            "[:then, 28, 134, 10, 134, 45]": 1,
            "[:else, 29, 134, 10, 134, 53]": 10
          },
          "[:if, 30, 144, 8, 154, 11]": {
            "[:then, 31, 146, 10, 153, 16]": 7,
            "[:else, 32, 144, 8, 154, 11]": 25
          },
          "[:if, 33, 146, 26, 146, 84]": {
            "[:then, 34, 146, 42, 146, 78]": 4,
            "[:else, 35, 146, 81, 146, 84]": 3
          },
          "[:if, 36, 158, 8, 165, 11]": {
            "[:then, 37, 160, 10, 160, 94]": 21,
            "[:else, 38, 161, 8, 165, 11]": 4
          },
          "[:if, 39, 161, 8, 165, 11]": {
            "[:then, 40, 164, 10, 164, 109]": 3,
            "[:else, 41, 161, 8, 165, 11]": 1
          },
          "[:if, 42, 172, 8, 172, 76]": {
            "[:then, 43, 172, 8, 172, 28]": 1,
            "[:else, 44, 172, 8, 172, 76]": 24
          },
          "[:unless, 45, 173, 8, 173, 112]": {
            "[:else, 46, 173, 8, 173, 112]": 22,
            "[:then, 47, 173, 8, 173, 18]": 3
          },
          "[:unless, 48, 176, 8, 176, 56]": {
            "[:else, 49, 176, 8, 176, 56]": 21,
            "[:then, 50, 176, 8, 176, 18]": 1
          },
          "[:unless, 51, 182, 8, 182, 40]": {
            "[:else, 52, 182, 8, 182, 40]": 194,
            "[:then, 53, 182, 8, 182, 18]": 9
          },
          "[:case, 54, 184, 8, 197, 11]": {
            "[:when, 55, 186, 10, 186, 47]": 40,
            "[:when, 56, 188, 10, 188, 27]": 1,
            "[:when, 57, 190, 10, 190, 33]": 50,
            "[:when, 58, 192, 10, 192, 29]": 2,
            "[:when, 59, 195, 10, 196, 75]": 57,
            "[:else, 60, 184, 8, 197, 11]": 44
          },
          "[:unless, 61, 205, 8, 205, 38]": {
            "[:else, 62, 205, 8, 205, 38]": 2,
            "[:then, 63, 205, 8, 205, 20]": 86
          },
          "[:if, 64, 211, 8, 211, 45]": {
            "[:then, 65, 211, 8, 211, 18]": 2,
            "[:else, 66, 211, 8, 211, 45]": 423
          }
        }
      },
      "/private/tmp/sorbet-deadcode/lib/sorbet_deadcode/resolver/type_resolver.rb": {
        "lines": [
          null,
          null,
          1,
          1,
          null,
          null,
          null,
          null,
          null,
          null,
          null,
          1,
          1,
          null,
          1,
          null,
          60,
          null,
          60,
          null,
          null,
          null,
          1,
          92,
          92,
          null,
          null,
          null,
          null,
          null,
          null,
          1,
          2,
          2,
          null,
          null,
          null,
          1,
          73,
          null,
          30,
          30,
          null,
          19,
          null,
          null,
          null,
          1,
          2,
          null,
          null,
          null,
          null,
          null
        ],
        "branches": {
          "[:unless, 0, 39, 8, 39, 39]": {
            "[:else, 1, 39, 8, 39, 39]": 30,
            "[:then, 2, 39, 8, 39, 18]": 43
          },
          "[:if, 3, 42, 8, 42, 35]": {
            "[:then, 4, 42, 8, 42, 28]": 11,
            "[:else, 5, 42, 8, 42, 35]": 19
          }
        }
      },
      "/private/tmp/sorbet-deadcode/lib/sorbet_deadcode/analyzer/dead_code_analyzer.rb": {
        "lines": [
          null,
          null,
          1,
          1,
          1,
          1,
          null,
          null,
          null,
          null,
          null,
          1,
          46,
          46,
          46,
          46,
          46,
          46,
          null,
          null,
          1,
          43,
          43,
          null,
          null,
          43,
          4,
          7,
          null,
          null,
          null,
          null,
          43,
          null,
          43,
          null,
          null,
          1,
          70,
          500,
          null,
          null,
          1,
          null,
          1,
          44,
          44,
          1,
          null,
          43,
          null,
          null,
          104,
          null,
          null,
          null,
          null,
          null,
          null,
          null,
          1,
          8,
          4,
          4,
          1,
          null,
          3,
          null,
          null,
          4,
          null,
          null,
          null,
          1,
          3,
          3,
          3,
          null,
          2,
          2,
          2,
          2,
          2,
          null,
          null,
          1,
          127,
          null,
          null,
          1,
          85,
          85,
          85,
          null,
          84,
          null,
          84,
          84,
          84,
          null,
          84,
          null,
          84,
          84,
          84,
          null,
          null,
          1,
          86,
          null,
          null,
          1,
          null,
          122,
          43,
          333,
          null,
          79,
          79,
          null,
          122,
          null,
          null,
          null,
          1,
          431,
          null,
          null,
          110,
          null,
          null,
          null,
          20,
          null,
          null,
          null,
          null,
          null,
          300,
          null,
          null,
          null,
          null,
          1,
          null,
          null,
          null,
          null,
          null,
          1,
          14,
          8,
          8,
          null,
          null,
          null,
          null,
          null,
          null,
          1,
          486,
          null,
          268,
          null,
          null,
          null,
          null,
          null,
          1,
          262,
          null,
          260,
          260,
          null,
          56,
          null,
          null,
          null,
          null,
          null,
          null,
          null,
          1,
          236,
          236,
          null,
          236,
          null,
          2,
          null,
          234,
          null,
          null,
          null,
          null,
          1,
          72,
          72,
          72,
          72,
          72,
          null,
          72,
          685,
          null,
          474,
          68,
          null,
          406,
          null,
          null,
          188,
          null,
          20,
          null,
          2,
          null,
          null,
          null,
          null,
          72,
          null,
          null,
          null,
          null,
          null,
          null,
          null,
          null,
          null,
          1,
          1,
          86,
          86,
          86,
          86,
          86,
          null,
          null,
          1,
          76,
          76,
          76,
          null,
          null,
          1,
          4,
          4,
          4,
          null,
          null,
          1,
          418,
          84,
          null,
          418,
          null,
          null,
          1,
          204,
          83,
          null,
          null,
          null,
          null,
          null,
          null,
          204,
          204,
          null,
          null,
          1,
          null,
          1,
          167,
          null,
          166,
          null,
          null,
          1,
          84,
          null,
          84,
          84,
          null,
          82,
          82,
          null,
          null,
          1,
          187,
          null,
          164,
          null,
          104,
          null,
          80,
          80,
          null,
          21,
          null,
          104,
          null,
          null,
          null,
          1,
          99,
          null,
          93,
          null,
          1,
          null,
          null,
          4,
          2,
          2,
          null,
          3,
          null,
          1,
          null,
          null,
          null,
          1,
          21,
          20,
          null,
          19,
          20,
          null,
          19,
          19,
          19,
          null,
          null,
          null,
          null,
          null,
          null
        ],
        "branches": {
          "[:if, 0, 15, 27, 15, 72]": {
            "[:then, 1, 15, 45, 15, 67]": 4,
            "[:else, 2, 15, 70, 15, 72]": 42
          },
          "[:unless, 3, 26, 8, 29, 11]": {
            "[:else, 4, 26, 8, 29, 11]": 39,
            "[:then, 5, 27, 10, 28, 73]": 4
          },
          "[:if, 6, 47, 10, 51, 13]": {
            "[:then, 7, 48, 12, 48, 18]": 1,
            "[:else, 8, 50, 12, 50, 51]": 43
          },
          "[:if, 9, 64, 10, 68, 13]": {
            "[:then, 10, 65, 12, 65, 18]": 1,
            "[:else, 11, 67, 12, 67, 51]": 3
          },
          "[:unless, 12, 77, 8, 77, 37]": {
            "[:else, 13, 77, 8, 77, 37]": 2,
            "[:then, 14, 77, 8, 77, 14]": 1
          },
          "[:unless, 15, 93, 8, 93, 37]": {
            "[:else, 16, 93, 8, 93, 37]": 84,
            "[:then, 17, 93, 8, 93, 14]": 1
          },
          "[:unless, 18, 116, 10, 116, 59]": {
            "[:else, 19, 116, 10, 116, 59]": 79,
            "[:then, 20, 116, 10, 116, 14]": 254
          },
          "[:case, 21, 126, 8, 145, 11]": {
            "[:when, 22, 129, 10, 131, 64]": 110,
            "[:when, 23, 133, 10, 135, 52]": 20,
            "[:when, 24, 139, 10, 142, 46]": 300,
            "[:else, 25, 144, 10, 144, 15]": 1
          },
          "[:if, 26, 152, 17, 152, 85]": {
            "[:then, 27, 152, 41, 152, 77]": 6,
            "[:else, 28, 152, 80, 152, 85]": 2
          },
          "[:if, 29, 161, 8, 161, 94]": {
            "[:then, 30, 161, 8, 161, 19]": 30,
            "[:else, 31, 161, 8, 161, 94]": 268
          },
          "[:unless, 32, 170, 8, 170, 49]": {
            "[:else, 33, 170, 8, 170, 49]": 260,
            "[:then, 34, 170, 8, 170, 20]": 2
          },
          "[:unless, 35, 173, 8, 173, 38]": {
            "[:else, 36, 173, 8, 173, 38]": 28,
            "[:then, 37, 173, 8, 173, 20]": 232
          },
          "[:if, 38, 187, 8, 192, 11]": {
            "[:then, 39, 189, 10, 189, 15]": 2,
            "[:else, 40, 191, 10, 191, 21]": 234
          },
          "[:case, 41, 204, 10, 217, 13]": {
            "[:when, 42, 206, 12, 210, 15]": 474,
            "[:when, 43, 212, 12, 212, 33]": 188,
            "[:when, 44, 214, 12, 214, 39]": 20,
            "[:when, 45, 216, 12, 216, 42]": 2,
            "[:else, 46, 204, 10, 217, 13]": 1
          },
          "[:if, 47, 206, 12, 210, 15]": {
            "[:then, 48, 207, 14, 207, 72]": 68,
            "[:else, 49, 209, 14, 209, 41]": 406
          },
          "[:if, 50, 253, 8, 255, 11]": {
            "[:then, 51, 254, 10, 254, 47]": 84,
            "[:else, 52, 253, 8, 255, 11]": 334
          },
          "[:if, 53, 260, 8, 267, 11]": {
            "[:then, 54, 261, 10, 266, 11]": 83,
            "[:else, 55, 260, 8, 267, 11]": 121
          },
          "[:if, 56, 275, 8, 275, 45]": {
            "[:then, 57, 275, 8, 275, 18]": 1,
            "[:else, 58, 275, 8, 275, 45]": 166
          },
          "[:unless, 59, 284, 8, 284, 65]": {
            "[:else, 60, 284, 8, 284, 65]": 82,
            "[:then, 61, 284, 8, 284, 19]": 2
          },
          "[:case, 62, 291, 8, 303, 11]": {
            "[:when, 63, 293, 10, 293, 57]": 82,
            "[:when, 64, 295, 10, 302, 63]": 104,
            "[:else, 65, 291, 8, 303, 11]": 1
          },
          "[:case, 66, 295, 10, 301, 13]": {
            "[:when, 67, 297, 12, 298, 58]": 80,
            "[:when, 68, 300, 12, 300, 38]": 21,
            "[:else, 69, 295, 10, 301, 13]": 3
          },
          "[:\"&.\", 70, 297, 18, 297, 43]": {
            "[:then, 71, 297, 18, 297, 43]": 79,
            "[:else, 72, 297, 18, 297, 43]": 1
          },
          "[:\"&.\", 73, 297, 18, 297, 50]": {
            "[:then, 74, 297, 18, 297, 50]": 79,
            "[:else, 75, 297, 18, 297, 50]": 1
          },
          "[:if, 76, 298, 12, 298, 58]": {
            "[:then, 77, 298, 12, 298, 51]": 79,
            "[:else, 78, 298, 12, 298, 58]": 1
          },
          "[:if, 79, 302, 10, 302, 63]": {
            "[:then, 80, 302, 10, 302, 46]": 23,
            "[:else, 81, 302, 10, 302, 63]": 81
          },
          "[:case, 82, 307, 8, 321, 11]": {
            "[:when, 83, 309, 10, 309, 24]": 93,
            "[:when, 84, 311, 10, 311, 20]": 1,
            "[:when, 85, 314, 10, 318, 20]": 4,
            "[:else, 86, 320, 10, 320, 20]": 1
          },
          "[:\"&.\", 87, 314, 13, 314, 33]": {
            "[:then, 88, 314, 13, 314, 33]": 3,
            "[:else, 89, 314, 13, 314, 33]": 1
          },
          "[:if, 90, 314, 10, 317, 13]": {
            "[:then, 91, 315, 12, 316, 48]": 2,
            "[:else, 92, 314, 10, 317, 13]": 2
          },
          "[:\"&.\", 93, 315, 18, 315, 43]": {
            "[:then, 94, 315, 18, 315, 43]": 1,
            "[:else, 95, 315, 18, 315, 43]": 1
          },
          "[:\"&.\", 96, 315, 18, 315, 50]": {
            "[:then, 97, 315, 18, 315, 50]": 1,
            "[:else, 98, 315, 18, 315, 50]": 1
          },
          "[:if, 99, 316, 12, 316, 48]": {
            "[:then, 100, 316, 12, 316, 41]": 1,
            "[:else, 101, 316, 12, 316, 48]": 1
          },
          "[:\"&.\", 102, 325, 8, 325, 33]": {
            "[:then, 103, 325, 8, 325, 33]": 20,
            "[:else, 104, 325, 8, 325, 33]": 1
          },
          "[:\"&.\", 105, 325, 8, 325, 39]": {
            "[:then, 106, 325, 8, 325, 39]": 20,
            "[:else, 107, 325, 8, 325, 39]": 1
          },
          "[:unless, 108, 326, 10, 326, 55]": {
            "[:else, 109, 326, 10, 326, 55]": 19,
            "[:then, 110, 326, 10, 326, 14]": 1
          },
          "[:unless, 111, 329, 12, 329, 53]": {
            "[:else, 112, 329, 12, 329, 53]": 19,
            "[:then, 113, 329, 12, 329, 16]": 1
          }
        }
      },
      "/private/tmp/sorbet-deadcode/lib/sorbet_deadcode/lsp/client.rb": {
        "lines": [
          null,
          null,
          1,
          1,
          null,
          1,
          1,
          1,
          1,
          null,
          1,
          null,
          1,
          1,
          1,
          1,
          null,
          1,
          1,
          1,
          1,
          null,
          null,
          1,
          8,
          8,
          null,
          8,
          null,
          null,
          null,
          null,
          null,
          7,
          null,
          null,
          1,
          6,
          6,
          null,
          6,
          null,
          null,
          null,
          null,
          null,
          null,
          1,
          5,
          null,
          null,
          1,
          5,
          null,
          3,
          3,
          3,
          null,
          null,
          null,
          5,
          null,
          null,
          1,
          null,
          1,
          4,
          4,
          4,
          4,
          null,
          4,
          2,
          1,
          null,
          null,
          null,
          1,
          15,
          15,
          null,
          13,
          null,
          null,
          null,
          null,
          null,
          null,
          1,
          39,
          null,
          null,
          1,
          1,
          null,
          null,
          null,
          1,
          1,
          null,
          null,
          1,
          15,
          null,
          null,
          null,
          null,
          null,
          1,
          15,
          null,
          null,
          1,
          14,
          null,
          13,
          13,
          null,
          null,
          null,
          null,
          null,
          null,
          null,
          13,
          null,
          null,
          1,
          32,
          null,
          null,
          1,
          26,
          26,
          null,
          null,
          null,
          null,
          null,
          26,
          26,
          null,
          null,
          1,
          6,
          6,
          null,
          null,
          null,
          null,
          null,
          6,
          6,
          null,
          null,
          1,
          31,
          null,
          null,
          null,
          null,
          31,
          null,
          null,
          1,
          63,
          63,
          63,
          63,
          63,
          null,
          null,
          1,
          34,
          3,
          3,
          2,
          null,
          null,
          31,
          34,
          34,
          null,
          33,
          30,
          1,
          null,
          29,
          3,
          2,
          null,
          null,
          null,
          null,
          1,
          37,
          null,
          37,
          74,
          74,
          null,
          71,
          71,
          36,
          2,
          null,
          null,
          35,
          34,
          null,
          null,
          null,
          34,
          34,
          null,
          33,
          null,
          null,
          null,
          null
        ],
        "branches": {
          "[:unless, 0, 53, 8, 53, 30]": {
            "[:else, 1, 53, 8, 53, 30]": 3,
            "[:then, 2, 53, 8, 53, 14]": 2
          },
          "[:\"&.\", 3, 67, 8, 67, 21]": {
            "[:then, 4, 67, 8, 67, 21]": 3,
            "[:else, 5, 67, 8, 67, 21]": 1
          },
          "[:\"&.\", 6, 68, 8, 68, 22]": {
            "[:then, 7, 68, 8, 68, 22]": 3,
            "[:else, 8, 68, 8, 68, 22]": 1
          },
          "[:\"&.\", 9, 69, 8, 69, 31]": {
            "[:then, 10, 69, 8, 69, 31]": 3,
            "[:else, 11, 69, 8, 69, 31]": 1
          },
          "[:\"&.\", 12, 70, 8, 70, 29]": {
            "[:then, 13, 70, 8, 70, 29]": 3,
            "[:else, 14, 70, 8, 70, 29]": 1
          },
          "[:\"&.\", 15, 72, 11, 72, 31]": {
            "[:then, 16, 72, 11, 72, 31]": 3,
            "[:else, 17, 72, 11, 72, 31]": 1
          },
          "[:if, 18, 72, 8, 75, 11]": {
            "[:then, 19, 73, 10, 74, 30]": 2,
            "[:else, 20, 72, 8, 75, 11]": 2
          },
          "[:if, 21, 80, 8, 80, 44]": {
            "[:then, 22, 80, 8, 80, 14]": 2,
            "[:else, 23, 80, 8, 80, 44]": 13
          },
          "[:if, 24, 114, 8, 114, 45]": {
            "[:then, 25, 114, 8, 114, 14]": 1,
            "[:else, 26, 114, 8, 114, 45]": 13
          },
          "[:if, 27, 174, 8, 178, 11]": {
            "[:then, 28, 175, 10, 177, 30]": 3,
            "[:else, 29, 174, 8, 178, 11]": 31
          },
          "[:if, 30, 176, 10, 176, 83]": {
            "[:then, 31, 176, 10, 176, 62]": 1,
            "[:else, 32, 176, 10, 176, 83]": 2
          },
          "[:unless, 33, 182, 10, 182, 35]": {
            "[:else, 34, 182, 10, 182, 35]": 33,
            "[:then, 35, 182, 10, 182, 20]": 1
          },
          "[:if, 36, 184, 10, 191, 13]": {
            "[:then, 37, 185, 12, 188, 36]": 30,
            "[:else, 38, 189, 10, 191, 13]": 3
          },
          "[:if, 39, 185, 12, 187, 15]": {
            "[:then, 40, 186, 14, 186, 70]": 1,
            "[:else, 41, 185, 12, 187, 15]": 29
          },
          "[:if, 42, 189, 10, 191, 13]": {
            "[:then, 43, 190, 12, 190, 55]": 2,
            "[:else, 44, 189, 10, 191, 13]": 1
          },
          "[:if, 45, 200, 10, 200, 33]": {
            "[:then, 46, 200, 10, 200, 20]": 3,
            "[:else, 47, 200, 10, 200, 33]": 71
          },
          "[:if, 48, 203, 10, 206, 13]": {
            "[:then, 49, 204, 12, 205, 16]": 36,
            "[:else, 50, 203, 10, 206, 13]": 35
          },
          "[:if, 51, 204, 12, 204, 35]": {
            "[:then, 52, 204, 12, 204, 17]": 34,
            "[:else, 53, 204, 12, 204, 35]": 2
          },
          "[:if, 54, 208, 10, 210, 13]": {
            "[:then, 55, 209, 12, 209, 60]": 34,
            "[:else, 56, 208, 10, 210, 13]": 1
          },
          "[:if, 57, 214, 8, 214, 46]": {
            "[:then, 58, 214, 8, 214, 18]": 1,
            "[:else, 59, 214, 8, 214, 46]": 33
          }
        }
      },
      "/private/tmp/sorbet-deadcode/lib/sorbet_deadcode/lsp/dead_code_finder.rb": {
        "lines": [
          null,
          null,
          1,
          1,
          1,
          1,
          null,
          1,
          24,
          24,
          24,
          24,
          24,
          null,
          null,
          1,
          12,
          12,
          null,
          12,
          1,
          1,
          null,
          null,
          11,
          null,
          11,
          null,
          11,
          null,
          11,
          null,
          null,
          11,
          null,
          null,
          1,
          null,
          1,
          12,
          12,
          1,
          null,
          11,
          null,
          null,
          13,
          null,
          null,
          null,
          1,
          12,
          12,
          12,
          12,
          12,
          null,
          11,
          11,
          11,
          null,
          12,
          null,
          null,
          1,
          10,
          3,
          null,
          7,
          null,
          null,
          null,
          1,
          8,
          8,
          null,
          8,
          20,
          null,
          20,
          20,
          20,
          null,
          19,
          19,
          null,
          19,
          18,
          18,
          null,
          1,
          null,
          null,
          8,
          8,
          null,
          null,
          1,
          4,
          4,
          4,
          null,
          4,
          7,
          12,
          12,
          12,
          null,
          11,
          11,
          null,
          11,
          null,
          1,
          1,
          null,
          null,
          null,
          7,
          12,
          12,
          null,
          12,
          null,
          null,
          10,
          null,
          1,
          1,
          null,
          null,
          9,
          9,
          9,
          null,
          9,
          9,
          null,
          null,
          null,
          4,
          4,
          null,
          null,
          1,
          38,
          38,
          38,
          null,
          37,
          null,
          17,
          17,
          16,
          16,
          null,
          null,
          12,
          12,
          11,
          null,
          null,
          2,
          2,
          1,
          null,
          null,
          2,
          2,
          null,
          3,
          3,
          3,
          null,
          null,
          6,
          null,
          null,
          1,
          31,
          null,
          29,
          null,
          29,
          6,
          6,
          null,
          6,
          null,
          6,
          2,
          2,
          null,
          null,
          6,
          null,
          null,
          null,
          null,
          null
        ],
        "branches": {
          "[:if, 0, 20, 8, 23, 11]": {
            "[:then, 1, 21, 10, 22, 19]": 1,
            "[:else, 2, 20, 8, 23, 11]": 11
          },
          "[:if, 3, 41, 10, 45, 13]": {
            "[:then, 4, 42, 12, 42, 18]": 1,
            "[:else, 5, 44, 12, 44, 51]": 11
          },
          "[:unless, 6, 56, 10, 56, 37]": {
            "[:else, 7, 56, 10, 56, 37]": 11,
            "[:then, 8, 56, 10, 56, 14]": 1
          },
          "[:if, 9, 66, 8, 70, 11]": {
            "[:then, 10, 67, 10, 67, 49]": 3,
            "[:else, 11, 69, 10, 69, 51]": 7
          },
          "[:unless, 12, 82, 10, 82, 43]": {
            "[:else, 13, 82, 10, 82, 43]": 19,
            "[:then, 14, 82, 10, 82, 14]": 1
          },
          "[:if, 15, 89, 10, 89, 42]": {
            "[:then, 16, 89, 10, 89, 22]": 17,
            "[:else, 17, 89, 10, 89, 42]": 1
          },
          "[:unless, 18, 107, 12, 107, 49]": {
            "[:else, 19, 107, 12, 107, 49]": 11,
            "[:then, 20, 107, 12, 107, 20]": 1
          },
          "[:unless, 21, 123, 12, 123, 30]": {
            "[:else, 22, 123, 12, 123, 30]": 10,
            "[:then, 23, 123, 12, 123, 16]": 2
          },
          "[:if, 24, 137, 12, 137, 44]": {
            "[:then, 25, 137, 12, 137, 24]": 8,
            "[:else, 26, 137, 12, 137, 44]": 1
          },
          "[:unless, 27, 148, 8, 148, 35]": {
            "[:else, 28, 148, 8, 148, 35]": 37,
            "[:then, 29, 148, 8, 148, 16]": 1
          },
          "[:case, 30, 150, 8, 174, 11]": {
            "[:when, 31, 152, 10, 156, 13]": 17,
            "[:when, 32, 158, 10, 161, 13]": 12,
            "[:when, 33, 163, 10, 166, 13]": 2,
            "[:when, 34, 168, 10, 169, 40]": 2,
            "[:when, 35, 171, 10, 173, 40]": 3,
            "[:else, 36, 150, 8, 174, 11]": 1
          },
          "[:if, 37, 153, 10, 156, 13]": {
            "[:then, 38, 154, 12, 155, 29]": 16,
            "[:else, 39, 153, 10, 156, 13]": 1
          },
          "[:if, 40, 159, 10, 161, 13]": {
            "[:then, 41, 160, 12, 160, 61]": 11,
            "[:else, 42, 159, 10, 161, 13]": 1
          },
          "[:if, 43, 164, 10, 166, 13]": {
            "[:then, 44, 165, 12, 165, 61]": 1,
            "[:else, 45, 164, 10, 166, 13]": 1
          },
          "[:if, 46, 169, 10, 169, 40]": {
            "[:then, 47, 169, 10, 169, 31]": 1,
            "[:else, 48, 169, 10, 169, 40]": 1
          },
          "[:if, 49, 173, 10, 173, 40]": {
            "[:then, 50, 173, 10, 173, 31]": 2,
            "[:else, 51, 173, 10, 173, 40]": 1
          },
          "[:unless, 52, 180, 8, 180, 42]": {
            "[:else, 53, 180, 8, 180, 42]": 29,
            "[:then, 54, 180, 8, 180, 17]": 2
          },
          "[:\"&.\", 55, 191, 23, 191, 53]": {
            "[:then, 56, 191, 23, 191, 53]": 1,
            "[:else, 57, 191, 23, 191, 53]": 1
          },
          "[:\"&.\", 58, 192, 12, 192, 34]": {
            "[:then, 59, 192, 12, 192, 34]": 1,
            "[:else, 60, 192, 12, 192, 34]": 1
          }
        }
      },
      "/private/tmp/sorbet-deadcode/lib/sorbet_deadcode/lsp/hybrid_finder.rb": {
        "lines": [
          null,
          null,
          1,
          1,
          1,
          1,
          null,
          1,
          25,
          25,
          25,
          25,
          25,
          null,
          null,
          1,
          6,
          6,
          1,
          1,
          null,
          null,
          5,
          null,
          5,
          null,
          5,
          null,
          5,
          null,
          null,
          5,
          null,
          null,
          1,
          null,
          1,
          6,
          null,
          null,
          null,
          6,
          null,
          null,
          1,
          5,
          5,
          null,
          5,
          2,
          null,
          3,
          null,
          null,
          5,
          5,
          null,
          null,
          1,
          3,
          null,
          3,
          6,
          null,
          6,
          5,
          null,
          null,
          null,
          3,
          null,
          null,
          1,
          2,
          2,
          null,
          2,
          2,
          4,
          7,
          null,
          null,
          4,
          7,
          7,
          null,
          7,
          null,
          6,
          6,
          6,
          null,
          null,
          null,
          2,
          null,
          null,
          1,
          8,
          8,
          8,
          null,
          6,
          6,
          null,
          6,
          null,
          null,
          1,
          7,
          7,
          7,
          null,
          6,
          6,
          null,
          6,
          6,
          6,
          null,
          null,
          1,
          16,
          null,
          14,
          14,
          14,
          14,
          null,
          14,
          5,
          5,
          null,
          5,
          null,
          5,
          2,
          2,
          null,
          null,
          5,
          null,
          null,
          null,
          1,
          26,
          26,
          26,
          null,
          25,
          null,
          11,
          11,
          10,
          10,
          null,
          null,
          6,
          6,
          null,
          2,
          2,
          null,
          2,
          2,
          null,
          3,
          3,
          3,
          null,
          null,
          6,
          null,
          null,
          null,
          null
        ],
        "branches": {
          "[:if, 0, 18, 8, 21, 11]": {
            "[:then, 1, 19, 10, 20, 19]": 1,
            "[:else, 2, 18, 8, 21, 11]": 5
          },
          "[:if, 3, 49, 8, 53, 11]": {
            "[:then, 4, 50, 10, 50, 75]": 2,
            "[:else, 5, 52, 10, 52, 77]": 3
          },
          "[:if, 6, 65, 10, 67, 13]": {
            "[:then, 7, 66, 12, 66, 34]": 5,
            "[:else, 8, 65, 10, 67, 13]": 1
          },
          "[:unless, 9, 87, 12, 87, 30]": {
            "[:else, 10, 87, 12, 87, 30]": 6,
            "[:then, 11, 87, 12, 87, 16]": 1
          },
          "[:if, 12, 91, 12, 91, 54]": {
            "[:then, 13, 91, 12, 91, 34]": 5,
            "[:else, 14, 91, 12, 91, 54]": 1
          },
          "[:unless, 15, 101, 8, 101, 47]": {
            "[:else, 16, 101, 8, 101, 47]": 6,
            "[:then, 17, 101, 8, 101, 18]": 2
          },
          "[:unless, 18, 112, 8, 112, 48]": {
            "[:else, 19, 112, 8, 112, 48]": 6,
            "[:then, 20, 112, 8, 112, 19]": 1
          },
          "[:unless, 21, 123, 8, 123, 42]": {
            "[:else, 22, 123, 8, 123, 42]": 14,
            "[:then, 23, 123, 8, 123, 17]": 2
          },
          "[:\"&.\", 24, 137, 23, 137, 53]": {
            "[:then, 25, 137, 23, 137, 53]": 1,
            "[:else, 26, 137, 23, 137, 53]": 1
          },
          "[:\"&.\", 27, 138, 12, 138, 34]": {
            "[:then, 28, 138, 12, 138, 34]": 1,
            "[:else, 29, 138, 12, 138, 34]": 1
          },
          "[:unless, 30, 148, 8, 148, 35]": {
            "[:else, 31, 148, 8, 148, 35]": 25,
            "[:then, 32, 148, 8, 148, 16]": 1
          },
          "[:case, 33, 150, 8, 170, 11]": {
            "[:when, 34, 152, 10, 156, 13]": 11,
            "[:when, 35, 158, 10, 159, 68]": 6,
            "[:when, 36, 161, 10, 162, 68]": 2,
            "[:when, 37, 164, 10, 165, 40]": 2,
            "[:when, 38, 167, 10, 169, 40]": 3,
            "[:else, 39, 150, 8, 170, 11]": 1
          },
          "[:if, 40, 153, 10, 156, 13]": {
            "[:then, 41, 154, 12, 155, 29]": 10,
            "[:else, 42, 153, 10, 156, 13]": 1
          },
          "[:if, 43, 159, 10, 159, 68]": {
            "[:then, 44, 159, 10, 159, 59]": 5,
            "[:else, 45, 159, 10, 159, 68]": 1
          },
          "[:if, 46, 162, 10, 162, 68]": {
            "[:then, 47, 162, 10, 162, 59]": 1,
            "[:else, 48, 162, 10, 162, 68]": 1
          },
          "[:if, 49, 165, 10, 165, 40]": {
            "[:then, 50, 165, 10, 165, 31]": 1,
            "[:else, 51, 165, 10, 165, 40]": 1
          },
          "[:if, 52, 169, 10, 169, 40]": {
            "[:then, 53, 169, 10, 169, 31]": 2,
            "[:else, 54, 169, 10, 169, 40]": 1
          }
        }
      },
      "/private/tmp/sorbet-deadcode/lib/sorbet_deadcode/sorbet/file_table_analyzer.rb": {
        "lines": [
          null,
          null,
          1,
          1,
          null,
          1,
          1,
          1,
          null,
          null,
          null,
          null,
          null,
          null,
          null,
          null,
          null,
          null,
          1,
          null,
          1,
          26,
          26,
          26,
          26,
          null,
          null,
          1,
          3,
          3,
          1,
          1,
          null,
          null,
          2,
          2,
          1,
          1,
          null,
          null,
          1,
          null,
          1,
          1,
          1,
          null,
          null,
          1,
          null,
          1,
          3,
          3,
          null,
          3,
          1,
          1,
          null,
          null,
          2,
          null,
          1,
          1,
          null,
          null,
          1,
          35,
          35,
          null,
          32,
          32,
          null,
          32,
          31,
          31,
          null,
          31,
          21,
          null,
          10,
          9,
          9,
          null,
          null,
          null,
          null,
          null,
          null,
          null,
          10,
          9,
          9,
          9,
          null,
          null,
          null,
          null,
          null,
          null,
          null,
          null,
          null,
          null,
          32,
          32,
          19,
          9,
          null,
          10,
          null,
          null,
          19,
          20,
          null,
          null,
          null,
          32,
          null,
          null,
          1,
          60,
          59,
          null,
          null,
          1,
          18,
          18,
          null,
          null,
          null,
          null,
          null,
          null,
          null,
          null,
          1,
          1,
          null,
          null,
          null,
          1,
          2,
          1,
          null,
          null,
          1,
          6,
          6,
          null,
          6,
          7,
          null,
          3,
          null,
          2,
          null,
          null,
          null,
          6,
          11,
          null,
          3,
          null,
          null,
          5,
          null,
          3,
          null,
          null,
          null,
          null,
          1,
          1,
          null,
          null,
          null,
          null,
          null,
          null,
          null
        ],
        "branches": {
          "[:unless, 0, 30, 8, 33, 11]": {
            "[:else, 1, 30, 8, 33, 11]": 2,
            "[:then, 2, 31, 10, 32, 40]": 1
          },
          "[:if, 3, 36, 8, 39, 11]": {
            "[:then, 4, 37, 10, 38, 19]": 1,
            "[:else, 5, 36, 8, 39, 11]": 1
          },
          "[:unless, 6, 54, 8, 57, 11]": {
            "[:else, 7, 54, 8, 57, 11]": 2,
            "[:then, 8, 55, 10, 56, 20]": 1
          },
          "[:unless, 9, 67, 8, 67, 43]": {
            "[:else, 10, 67, 8, 67, 43]": 32,
            "[:then, 11, 67, 8, 67, 19]": 3
          },
          "[:if, 12, 72, 8, 101, 11]": {
            "[:then, 13, 73, 10, 100, 13]": 31,
            "[:else, 14, 72, 8, 101, 11]": 1
          },
          "[:unless, 15, 76, 10, 100, 13]": {
            "[:else, 16, 76, 10, 100, 13]": 10,
            "[:then, 17, 77, 12, 99, 15]": 21
          },
          "[:case, 18, 77, 12, 99, 15]": {
            "[:when, 19, 79, 14, 87, 17]": 10,
            "[:when, 20, 89, 14, 98, 17]": 10,
            "[:else, 21, 77, 12, 99, 15]": 1
          },
          "[:if, 22, 79, 14, 87, 17]": {
            "[:then, 23, 80, 16, 86, 17]": 9,
            "[:else, 24, 79, 14, 87, 17]": 1
          },
          "[:if, 25, 89, 14, 98, 17]": {
            "[:then, 26, 90, 16, 97, 17]": 9,
            "[:else, 27, 89, 14, 98, 17]": 1
          },
          "[:if, 28, 91, 28, 91, 76]": {
            "[:then, 29, 91, 36, 91, 69]": 8,
            "[:else, 30, 91, 72, 91, 76]": 1
          },
          "[:if, 31, 104, 8, 114, 11]": {
            "[:then, 32, 105, 10, 113, 13]": 19,
            "[:else, 33, 104, 8, 114, 11]": 13
          },
          "[:if, 34, 105, 21, 109, 13]": {
            "[:then, 35, 106, 12, 106, 50]": 9,
            "[:else, 36, 108, 12, 108, 21]": 10
          },
          "[:unless, 37, 120, 8, 120, 31]": {
            "[:else, 38, 120, 8, 120, 31]": 59,
            "[:then, 39, 120, 8, 120, 19]": 1
          },
          "[:if, 40, 125, 16, 125, 61]": {
            "[:then, 41, 125, 35, 125, 38]": 10,
            "[:else, 42, 125, 41, 125, 61]": 8
          },
          "[:case, 43, 150, 10, 155, 13]": {
            "[:when, 44, 152, 12, 152, 40]": 3,
            "[:when, 45, 154, 12, 154, 42]": 2,
            "[:else, 46, 150, 10, 155, 13]": 2
          },
          "[:case, 47, 159, 10, 167, 13]": {
            "[:when, 48, 161, 12, 162, 58]": 3,
            "[:when, 49, 164, 12, 164, 49]": 5,
            "[:else, 50, 166, 12, 166, 16]": 3
          }
        }
      },
      "/private/tmp/sorbet-deadcode/lib/sorbet_deadcode/verifier/ripgrep_verifier.rb": {
        "lines": [
          null,
          null,
          1,
          1,
          1,
          null,
          1,
          1,
          1,
          1,
          10,
          10,
          null,
          null,
          null,
          null,
          1,
          6,
          null,
          5,
          5,
          null,
          5,
          null,
          5,
          null,
          71,
          5,
          5,
          null,
          6,
          null,
          null,
          1,
          null,
          1,
          5,
          5,
          5,
          5,
          null,
          null,
          1,
          5,
          null,
          5,
          5,
          127,
          null,
          5,
          null,
          null,
          1,
          5,
          6,
          5,
          5,
          null,
          null,
          1,
          3,
          null,
          null,
          2,
          null,
          null,
          1,
          66,
          null,
          null,
          66,
          null,
          null,
          null,
          null
        ],
        "branches": {
          "[:if, 0, 31, 8, 31, 78]": {
            "[:then, 1, 31, 8, 31, 33]": 5,
            "[:else, 2, 31, 8, 31, 78]": 1
          },
          "[:if, 3, 18, 8, 18, 38]": {
            "[:then, 4, 18, 8, 18, 17]": 1,
            "[:else, 5, 18, 8, 18, 38]": 5
          },
          "[:if, 6, 61, 8, 61, 41]": {
            "[:then, 7, 61, 8, 61, 19]": 1,
            "[:else, 8, 61, 8, 61, 41]": 2
          }
        }
      }
    },
    "timestamp": 1780182309
  }
}
