{
  "RSpec": {
    "coverage": {
      "/private/tmp/sorbet-deadcode/lib/sorbet_deadcode.rb": {
        "lines": [
          null,
          null,
          1,
          null,
          1,
          1,
          1,
          1,
          1,
          1,
          1,
          1,
          1,
          1,
          1,
          1,
          null,
          1,
          1,
          null,
          1,
          1,
          12,
          null,
          null,
          null,
          null,
          12,
          null,
          null,
          1,
          1,
          null,
          null,
          null,
          null,
          null,
          1,
          null,
          null,
          1,
          1,
          null,
          null,
          null,
          null,
          null,
          1,
          null,
          null,
          1,
          1,
          null,
          null,
          null,
          null,
          1,
          null,
          null,
          1,
          2,
          2,
          null,
          null,
          null,
          2,
          null,
          null,
          null
        ],
        "branches": {}
      },
      "/private/tmp/sorbet-deadcode/lib/sorbet_deadcode/definition.rb": {
        "lines": [
          null,
          null,
          1,
          1,
          1,
          null,
          1,
          null,
          null,
          null,
          null,
          1,
          480,
          null,
          479,
          479,
          479,
          479,
          479,
          479,
          null,
          null,
          1,
          3,
          null,
          2,
          2,
          null,
          null,
          1,
          4,
          null,
          null,
          null,
          null,
          null,
          1,
          null,
          1,
          2,
          null,
          null,
          null
        ],
        "branches": {
          "[:unless, 0, 13, 6, 13, 78]": {
            "[:else, 1, 13, 6, 13, 78]": 479,
            "[:then, 2, 13, 6, 13, 50]": 1
          },
          "[:unless, 3, 24, 6, 24, 40]": {
            "[:else, 4, 24, 6, 24, 40]": 2,
            "[:then, 5, 24, 6, 24, 22]": 1
          },
          "[:if, 6, 26, 18, 26, 46]": {
            "[:then, 7, 26, 36, 26, 39]": 1,
            "[:else, 8, 26, 42, 26, 46]": 1
          }
        }
      },
      "/private/tmp/sorbet-deadcode/lib/sorbet_deadcode/reference.rb": {
        "lines": [
          null,
          null,
          1,
          1,
          null,
          null,
          null,
          null,
          null,
          1,
          null,
          1,
          null,
          null,
          null,
          null,
          1,
          652,
          null,
          651,
          651,
          651,
          651,
          null,
          null,
          1,
          504,
          null,
          null,
          1,
          4,
          null,
          null,
          null,
          null,
          null,
          1,
          null,
          1,
          2,
          null,
          null,
          null
        ],
        "branches": {
          "[:unless, 0, 18, 6, 18, 78]": {
            "[:else, 1, 18, 6, 18, 78]": 651,
            "[:then, 2, 18, 6, 18, 50]": 1
          }
        }
      },
      "/private/tmp/sorbet-deadcode/lib/sorbet_deadcode/collector/definition_collector.rb": {
        "lines": [
          null,
          null,
          1,
          1,
          null,
          null,
          1,
          1,
          null,
          1,
          118,
          118,
          118,
          118,
          null,
          null,
          1,
          107,
          107,
          107,
          null,
          null,
          null,
          null,
          null,
          107,
          107,
          107,
          null,
          null,
          1,
          7,
          7,
          7,
          null,
          null,
          null,
          null,
          null,
          7,
          7,
          7,
          null,
          null,
          1,
          229,
          229,
          229,
          null,
          229,
          null,
          null,
          null,
          null,
          229,
          null,
          null,
          1,
          23,
          23,
          null,
          null,
          null,
          null,
          null,
          null,
          null,
          23,
          null,
          null,
          null,
          null,
          null,
          null,
          1,
          23,
          23,
          23,
          null,
          null,
          1,
          49,
          null,
          12,
          12,
          null,
          11,
          null,
          1,
          3,
          null,
          2,
          null,
          null,
          null,
          6,
          null,
          null,
          null,
          1,
          443,
          316,
          null,
          22,
          null,
          2,
          null,
          1,
          1,
          null,
          null,
          443,
          null,
          null,
          1,
          null,
          1,
          26,
          null,
          25,
          52,
          null,
          51,
          51,
          51,
          51,
          null,
          51,
          null,
          null,
          null,
          null,
          null,
          null,
          null,
          1,
          440,
          null,
          321,
          null,
          null,
          1,
          137,
          137,
          null,
          null,
          1,
          417,
          null,
          null,
          null,
          null
        ],
        "branches": {
          "[:if, 0, 50, 21, 50, 54]": {
            "[:then, 1, 50, 29, 50, 47]": 227,
            "[:else, 2, 50, 50, 50, 54]": 2
          },
          "[:case, 3, 82, 8, 97, 11]": {
            "[:when, 4, 84, 10, 85, 59]": 12,
            "[:when, 5, 87, 10, 87, 79]": 4,
            "[:when, 6, 89, 10, 93, 13]": 1,
            "[:when, 7, 96, 10, 96, 79]": 6,
            "[:else, 8, 82, 8, 97, 11]": 26
          },
          "[:unless, 9, 90, 12, 90, 53]": {
            "[:else, 10, 90, 12, 90, 53]": 2,
            "[:then, 11, 90, 12, 90, 16]": 1
          },
          "[:if, 12, 96, 10, 96, 79]": {
            "[:then, 13, 96, 10, 96, 62]": 5,
            "[:else, 14, 96, 10, 96, 79]": 1
          },
          "[:if, 15, 101, 8, 111, 11]": {
            "[:then, 16, 102, 10, 110, 13]": 316,
            "[:else, 17, 101, 8, 111, 11]": 127
          },
          "[:case, 18, 102, 10, 110, 13]": {
            "[:when, 19, 104, 12, 104, 49]": 22,
            "[:when, 20, 106, 12, 106, 49]": 2,
            "[:when, 21, 108, 12, 109, 49]": 1,
            "[:else, 22, 102, 10, 110, 13]": 291
          },
          "[:unless, 23, 118, 8, 118, 36]": {
            "[:else, 24, 118, 8, 118, 36]": 25,
            "[:then, 25, 118, 8, 118, 14]": 1
          },
          "[:unless, 26, 121, 10, 121, 50]": {
            "[:else, 27, 121, 10, 121, 50]": 51,
            "[:then, 28, 121, 10, 121, 14]": 1
          },
          "[:if, 29, 124, 24, 124, 64]": {
            "[:then, 30, 124, 47, 124, 57]": 3,
            "[:else, 31, 124, 60, 124, 64]": 48
          },
          "[:if, 32, 128, 23, 128, 70]": {
            "[:then, 33, 128, 31, 128, 56]": 50,
            "[:else, 34, 128, 59, 128, 70]": 1
          },
          "[:if, 35, 137, 8, 137, 45]": {
            "[:then, 36, 137, 8, 137, 18]": 119,
            "[:else, 37, 137, 8, 137, 45]": 321
          },
          "[:if, 38, 144, 8, 144, 27]": {
            "[:then, 39, 144, 13, 144, 22]": 23,
            "[:else, 40, 144, 25, 144, 27]": 114
          }
        }
      },
      "/private/tmp/sorbet-deadcode/lib/sorbet_deadcode/collector/reference_collector.rb": {
        "lines": [
          null,
          null,
          1,
          1,
          null,
          null,
          null,
          1,
          1,
          null,
          1,
          null,
          null,
          null,
          null,
          1,
          null,
          null,
          null,
          null,
          null,
          null,
          null,
          null,
          null,
          null,
          null,
          null,
          null,
          null,
          1,
          129,
          129,
          129,
          129,
          129,
          129,
          129,
          129,
          null,
          null,
          1,
          104,
          104,
          null,
          null,
          null,
          null,
          null,
          104,
          null,
          104,
          null,
          1,
          null,
          null,
          104,
          null,
          null,
          null,
          null,
          4,
          4,
          null,
          null,
          104,
          104,
          null,
          null,
          1,
          4,
          4,
          4,
          4,
          null,
          null,
          1,
          227,
          227,
          null,
          227,
          227,
          215,
          215,
          20,
          20,
          null,
          null,
          null,
          227,
          null,
          null,
          247,
          227,
          null,
          null,
          1,
          474,
          474,
          null,
          474,
          32,
          442,
          null,
          null,
          3,
          3,
          3,
          439,
          null,
          null,
          null,
          7,
          7,
          7,
          432,
          140,
          140,
          null,
          null,
          null,
          null,
          null,
          null,
          292,
          null,
          null,
          null,
          null,
          null,
          null,
          464,
          null,
          null,
          1,
          257,
          null,
          145,
          null,
          null,
          null,
          null,
          145,
          null,
          null,
          1,
          14,
          null,
          9,
          9,
          null,
          null,
          null,
          null,
          9,
          9,
          19,
          null,
          null,
          null,
          null,
          null,
          9,
          null,
          null,
          null,
          1,
          12,
          11,
          null,
          null,
          null,
          11,
          null,
          12,
          null,
          null,
          1,
          null,
          1,
          32,
          null,
          32,
          null,
          7,
          7,
          null,
          null,
          null,
          null,
          null,
          7,
          null,
          null,
          null,
          25,
          25,
          null,
          21,
          4,
          null,
          null,
          3,
          null,
          null,
          null,
          1,
          3,
          3,
          null,
          2,
          null,
          null,
          null,
          null,
          null,
          null,
          null,
          1,
          7,
          8,
          null,
          6,
          null,
          null,
          null,
          null,
          null,
          null,
          null,
          null,
          null,
          null,
          1,
          25,
          25,
          null,
          22,
          22,
          null,
          21,
          null,
          null,
          1,
          216,
          null,
          207,
          null,
          42,
          null,
          2,
          null,
          52,
          null,
          2,
          null,
          null,
          61,
          61,
          null,
          null,
          null,
          null,
          null,
          null,
          1,
          104,
          104,
          null,
          4,
          null,
          null,
          null,
          null,
          null,
          1,
          104,
          104,
          null,
          104,
          null,
          null,
          null,
          null,
          1,
          104,
          null,
          null,
          1,
          440,
          null,
          438,
          null,
          null,
          1,
          732,
          null,
          null,
          null,
          null
        ],
        "branches": {
          "[:if, 0, 52, 8, 55, 11]": {
            "[:then, 1, 54, 10, 54, 96]": 1,
            "[:else, 2, 52, 8, 55, 11]": 103
          },
          "[:if, 3, 57, 8, 64, 11]": {
            "[:then, 4, 62, 10, 63, 94]": 4,
            "[:else, 5, 57, 8, 64, 11]": 100
          },
          "[:if, 6, 82, 8, 88, 11]": {
            "[:then, 7, 83, 10, 87, 13]": 215,
            "[:else, 8, 82, 8, 88, 11]": 12
          },
          "[:\"&.\", 9, 84, 10, 84, 27]": {
            "[:then, 10, 84, 10, 84, 27]": 84,
            "[:else, 11, 84, 10, 84, 27]": 131
          },
          "[:\"&.\", 12, 84, 10, 84, 33]": {
            "[:then, 13, 84, 10, 84, 33]": 84,
            "[:else, 14, 84, 10, 84, 33]": 131
          },
          "[:if, 15, 101, 8, 130, 11]": {
            "[:then, 16, 102, 10, 102, 50]": 32,
            "[:else, 17, 103, 8, 130, 11]": 442
          },
          "[:if, 18, 103, 8, 130, 11]": {
            "[:then, 19, 106, 10, 108, 16]": 3,
            "[:else, 20, 109, 8, 130, 11]": 439
          },
          "[:if, 21, 109, 8, 130, 11]": {
            "[:then, 22, 113, 10, 115, 16]": 7,
            "[:else, 23, 116, 8, 130, 11]": 432
          },
          "[:if, 24, 116, 8, 130, 11]": {
            "[:then, 25, 117, 10, 123, 11]": 140,
            "[:else, 26, 125, 10, 129, 11]": 292
          },
          "[:if, 27, 136, 8, 136, 80]": {
            "[:then, 28, 136, 8, 136, 20]": 112,
            "[:else, 29, 136, 8, 136, 80]": 145
          },
          "[:if, 30, 147, 8, 147, 80]": {
            "[:then, 31, 147, 8, 147, 20]": 5,
            "[:else, 32, 147, 8, 147, 80]": 9
          },
          "[:if, 33, 168, 8, 174, 11]": {
            "[:then, 34, 169, 10, 173, 53]": 11,
            "[:else, 35, 168, 8, 174, 11]": 1
          },
          "[:if, 36, 173, 10, 173, 53]": {
            "[:then, 37, 173, 10, 173, 45]": 1,
            "[:else, 38, 173, 10, 173, 53]": 10
          },
          "[:if, 39, 183, 8, 193, 11]": {
            "[:then, 40, 185, 10, 192, 16]": 7,
            "[:else, 41, 183, 8, 193, 11]": 25
          },
          "[:if, 42, 185, 26, 185, 84]": {
            "[:then, 43, 185, 42, 185, 78]": 4,
            "[:else, 44, 185, 81, 185, 84]": 3
          },
          "[:if, 45, 197, 8, 204, 11]": {
            "[:then, 46, 199, 10, 199, 94]": 21,
            "[:else, 47, 200, 8, 204, 11]": 4
          },
          "[:if, 48, 200, 8, 204, 11]": {
            "[:then, 49, 203, 10, 203, 109]": 3,
            "[:else, 50, 200, 8, 204, 11]": 1
          },
          "[:unless, 51, 209, 10, 209, 50]": {
            "[:else, 52, 209, 10, 209, 50]": 2,
            "[:then, 53, 209, 10, 209, 14]": 1
          },
          "[:unless, 54, 221, 10, 221, 50]": {
            "[:else, 55, 221, 10, 221, 50]": 6,
            "[:then, 56, 221, 10, 221, 14]": 2
          },
          "[:if, 57, 235, 8, 235, 76]": {
            "[:then, 58, 235, 8, 235, 28]": 1,
            "[:else, 59, 235, 8, 235, 76]": 24
          },
          "[:unless, 60, 236, 8, 236, 112]": {
            "[:else, 61, 236, 8, 236, 112]": 22,
            "[:then, 62, 236, 8, 236, 18]": 3
          },
          "[:unless, 63, 239, 8, 239, 56]": {
            "[:else, 64, 239, 8, 239, 56]": 21,
            "[:then, 65, 239, 8, 239, 18]": 1
          },
          "[:unless, 66, 245, 8, 245, 40]": {
            "[:else, 67, 245, 8, 245, 40]": 207,
            "[:then, 68, 245, 8, 245, 18]": 9
          },
          "[:case, 69, 247, 8, 260, 11]": {
            "[:when, 70, 249, 10, 249, 47]": 42,
            "[:when, 71, 251, 10, 251, 27]": 2,
            "[:when, 72, 253, 10, 253, 33]": 52,
            "[:when, 73, 255, 10, 255, 29]": 2,
            "[:when, 74, 258, 10, 259, 75]": 61,
            "[:else, 75, 247, 8, 260, 11]": 48
          },
          "[:unless, 76, 268, 8, 268, 38]": {
            "[:else, 77, 268, 8, 268, 38]": 4,
            "[:then, 78, 268, 8, 268, 20]": 100
          },
          "[:if, 79, 290, 8, 290, 45]": {
            "[:then, 80, 290, 8, 290, 18]": 2,
            "[:else, 81, 290, 8, 290, 45]": 438
          }
        }
      },
      "/private/tmp/sorbet-deadcode/lib/sorbet_deadcode/resolver/type_resolver.rb": {
        "lines": [
          null,
          null,
          1,
          1,
          null,
          null,
          null,
          null,
          null,
          null,
          null,
          1,
          1,
          null,
          1,
          null,
          67,
          null,
          67,
          null,
          null,
          null,
          1,
          92,
          92,
          null,
          null,
          null,
          null,
          null,
          null,
          1,
          2,
          2,
          null,
          null,
          null,
          1,
          77,
          null,
          31,
          31,
          null,
          20,
          null,
          null,
          null,
          1,
          2,
          null,
          null,
          null,
          null,
          null
        ],
        "branches": {
          "[:unless, 0, 39, 8, 39, 39]": {
            "[:else, 1, 39, 8, 39, 39]": 31,
            "[:then, 2, 39, 8, 39, 18]": 46
          },
          "[:if, 3, 42, 8, 42, 35]": {
            "[:then, 4, 42, 8, 42, 28]": 11,
            "[:else, 5, 42, 8, 42, 35]": 20
          }
        }
      },
      "/private/tmp/sorbet-deadcode/lib/sorbet_deadcode/analyzer/dead_code_analyzer.rb": {
        "lines": [
          null,
          null,
          1,
          1,
          1,
          null,
          null,
          1,
          null,
          null,
          null,
          null,
          null,
          null,
          null,
          null,
          1,
          null,
          null,
          null,
          null,
          null,
          1,
          53,
          53,
          53,
          53,
          53,
          53,
          null,
          null,
          1,
          50,
          50,
          null,
          null,
          50,
          4,
          7,
          null,
          null,
          null,
          null,
          50,
          null,
          50,
          null,
          null,
          1,
          82,
          535,
          null,
          null,
          1,
          null,
          1,
          51,
          51,
          1,
          null,
          50,
          null,
          null,
          110,
          null,
          null,
          null,
          null,
          null,
          null,
          null,
          1,
          8,
          4,
          4,
          1,
          null,
          3,
          null,
          null,
          4,
          null,
          null,
          null,
          1,
          3,
          3,
          3,
          null,
          2,
          2,
          2,
          2,
          2,
          null,
          null,
          1,
          140,
          null,
          null,
          1,
          91,
          91,
          91,
          null,
          90,
          null,
          90,
          90,
          90,
          null,
          90,
          null,
          90,
          90,
          90,
          null,
          null,
          1,
          92,
          null,
          null,
          1,
          null,
          135,
          50,
          346,
          null,
          85,
          85,
          null,
          135,
          null,
          null,
          null,
          1,
          454,
          null,
          null,
          121,
          null,
          null,
          null,
          20,
          null,
          null,
          null,
          null,
          null,
          null,
          null,
          312,
          null,
          null,
          null,
          null,
          1,
          null,
          null,
          null,
          null,
          null,
          1,
          14,
          8,
          8,
          null,
          null,
          null,
          null,
          null,
          null,
          1,
          498,
          null,
          276,
          null,
          null,
          null,
          null,
          null,
          1,
          268,
          null,
          266,
          266,
          null,
          56,
          null,
          null,
          null,
          null,
          null,
          null,
          null,
          1,
          242,
          242,
          null,
          242,
          null,
          2,
          null,
          240,
          null,
          null,
          null,
          null,
          1,
          84,
          84,
          84,
          84,
          84,
          null,
          84,
          716,
          null,
          500,
          71,
          null,
          429,
          null,
          null,
          189,
          null,
          22,
          null,
          4,
          null,
          null,
          null,
          null,
          84,
          null,
          null,
          null,
          null,
          null,
          null,
          null,
          null,
          null,
          1,
          1,
          92,
          92,
          92,
          92,
          92,
          null,
          null,
          1,
          82,
          82,
          82,
          null,
          null,
          1,
          4,
          4,
          4,
          null,
          null,
          1,
          433,
          84,
          null,
          433,
          null,
          null,
          1,
          211,
          83,
          null,
          null,
          null,
          null,
          null,
          null,
          211,
          211,
          null,
          null,
          1,
          null,
          1,
          167,
          null,
          166,
          null,
          null,
          1,
          84,
          null,
          84,
          84,
          null,
          82,
          82,
          null,
          null,
          1,
          187,
          null,
          164,
          null,
          104,
          null,
          80,
          80,
          null,
          21,
          null,
          104,
          null,
          null,
          null,
          1,
          99,
          null,
          93,
          null,
          1,
          null,
          null,
          4,
          2,
          2,
          null,
          3,
          null,
          1,
          null,
          null,
          null,
          1,
          21,
          20,
          null,
          19,
          20,
          null,
          19,
          19,
          19,
          null,
          null,
          null,
          null,
          null,
          null
        ],
        "branches": {
          "[:if, 0, 26, 27, 26, 72]": {
            "[:then, 1, 26, 45, 26, 67]": 4,
            "[:else, 2, 26, 70, 26, 72]": 49
          },
          "[:unless, 3, 37, 8, 40, 11]": {
            "[:else, 4, 37, 8, 40, 11]": 46,
            "[:then, 5, 38, 10, 39, 73]": 4
          },
          "[:if, 6, 58, 10, 62, 13]": {
            "[:then, 7, 59, 12, 59, 18]": 1,
            "[:else, 8, 61, 12, 61, 51]": 50
          },
          "[:if, 9, 75, 10, 79, 13]": {
            "[:then, 10, 76, 12, 76, 18]": 1,
            "[:else, 11, 78, 12, 78, 51]": 3
          },
          "[:unless, 12, 88, 8, 88, 37]": {
            "[:else, 13, 88, 8, 88, 37]": 2,
            "[:then, 14, 88, 8, 88, 14]": 1
          },
          "[:unless, 15, 104, 8, 104, 37]": {
            "[:else, 16, 104, 8, 104, 37]": 90,
            "[:then, 17, 104, 8, 104, 14]": 1
          },
          "[:unless, 18, 127, 10, 127, 59]": {
            "[:else, 19, 127, 10, 127, 59]": 85,
            "[:then, 20, 127, 10, 127, 14]": 261
          },
          "[:case, 21, 137, 8, 158, 11]": {
            "[:when, 22, 140, 10, 142, 64]": 121,
            "[:when, 23, 144, 10, 146, 52]": 20,
            "[:when, 24, 152, 10, 155, 46]": 312,
            "[:else, 25, 157, 10, 157, 15]": 1
          },
          "[:if, 26, 165, 17, 165, 85]": {
            "[:then, 27, 165, 41, 165, 77]": 6,
            "[:else, 28, 165, 80, 165, 85]": 2
          },
          "[:if, 29, 174, 8, 174, 94]": {
            "[:then, 30, 174, 8, 174, 19]": 32,
            "[:else, 31, 174, 8, 174, 94]": 276
          },
          "[:unless, 32, 183, 8, 183, 49]": {
            "[:else, 33, 183, 8, 183, 49]": 266,
            "[:then, 34, 183, 8, 183, 20]": 2
          },
          "[:unless, 35, 186, 8, 186, 38]": {
            "[:else, 36, 186, 8, 186, 38]": 28,
            "[:then, 37, 186, 8, 186, 20]": 238
          },
          "[:if, 38, 200, 8, 205, 11]": {
            "[:then, 39, 202, 10, 202, 15]": 2,
            "[:else, 40, 204, 10, 204, 21]": 240
          },
          "[:case, 41, 217, 10, 230, 13]": {
            "[:when, 42, 219, 12, 223, 15]": 500,
            "[:when, 43, 225, 12, 225, 33]": 189,
            "[:when, 44, 227, 12, 227, 39]": 22,
            "[:when, 45, 229, 12, 229, 42]": 4,
            "[:else, 46, 217, 10, 230, 13]": 1
          },
          "[:if, 47, 219, 12, 223, 15]": {
            "[:then, 48, 220, 14, 220, 72]": 71,
            "[:else, 49, 222, 14, 222, 41]": 429
          },
          "[:if, 50, 266, 8, 268, 11]": {
            "[:then, 51, 267, 10, 267, 47]": 84,
            "[:else, 52, 266, 8, 268, 11]": 349
          },
          "[:if, 53, 273, 8, 280, 11]": {
            "[:then, 54, 274, 10, 279, 11]": 83,
            "[:else, 55, 273, 8, 280, 11]": 128
          },
          "[:if, 56, 288, 8, 288, 45]": {
            "[:then, 57, 288, 8, 288, 18]": 1,
            "[:else, 58, 288, 8, 288, 45]": 166
          },
          "[:unless, 59, 297, 8, 297, 65]": {
            "[:else, 60, 297, 8, 297, 65]": 82,
            "[:then, 61, 297, 8, 297, 19]": 2
          },
          "[:case, 62, 304, 8, 316, 11]": {
            "[:when, 63, 306, 10, 306, 57]": 82,
            "[:when, 64, 308, 10, 315, 63]": 104,
            "[:else, 65, 304, 8, 316, 11]": 1
          },
          "[:case, 66, 308, 10, 314, 13]": {
            "[:when, 67, 310, 12, 311, 58]": 80,
            "[:when, 68, 313, 12, 313, 38]": 21,
            "[:else, 69, 308, 10, 314, 13]": 3
          },
          "[:\"&.\", 70, 310, 18, 310, 43]": {
            "[:then, 71, 310, 18, 310, 43]": 79,
            "[:else, 72, 310, 18, 310, 43]": 1
          },
          "[:\"&.\", 73, 310, 18, 310, 50]": {
            "[:then, 74, 310, 18, 310, 50]": 79,
            "[:else, 75, 310, 18, 310, 50]": 1
          },
          "[:if, 76, 311, 12, 311, 58]": {
            "[:then, 77, 311, 12, 311, 51]": 79,
            "[:else, 78, 311, 12, 311, 58]": 1
          },
          "[:if, 79, 315, 10, 315, 63]": {
            "[:then, 80, 315, 10, 315, 46]": 23,
            "[:else, 81, 315, 10, 315, 63]": 81
          },
          "[:case, 82, 320, 8, 334, 11]": {
            "[:when, 83, 322, 10, 322, 24]": 93,
            "[:when, 84, 324, 10, 324, 20]": 1,
            "[:when, 85, 327, 10, 331, 20]": 4,
            "[:else, 86, 333, 10, 333, 20]": 1
          },
          "[:\"&.\", 87, 327, 13, 327, 33]": {
            "[:then, 88, 327, 13, 327, 33]": 3,
            "[:else, 89, 327, 13, 327, 33]": 1
          },
          "[:if, 90, 327, 10, 330, 13]": {
            "[:then, 91, 328, 12, 329, 48]": 2,
            "[:else, 92, 327, 10, 330, 13]": 2
          },
          "[:\"&.\", 93, 328, 18, 328, 43]": {
            "[:then, 94, 328, 18, 328, 43]": 1,
            "[:else, 95, 328, 18, 328, 43]": 1
          },
          "[:\"&.\", 96, 328, 18, 328, 50]": {
            "[:then, 97, 328, 18, 328, 50]": 1,
            "[:else, 98, 328, 18, 328, 50]": 1
          },
          "[:if, 99, 329, 12, 329, 48]": {
            "[:then, 100, 329, 12, 329, 41]": 1,
            "[:else, 101, 329, 12, 329, 48]": 1
          },
          "[:\"&.\", 102, 338, 8, 338, 33]": {
            "[:then, 103, 338, 8, 338, 33]": 20,
            "[:else, 104, 338, 8, 338, 33]": 1
          },
          "[:\"&.\", 105, 338, 8, 338, 39]": {
            "[:then, 106, 338, 8, 338, 39]": 20,
            "[:else, 107, 338, 8, 338, 39]": 1
          },
          "[:unless, 108, 339, 10, 339, 55]": {
            "[:else, 109, 339, 10, 339, 55]": 19,
            "[:then, 110, 339, 10, 339, 14]": 1
          },
          "[:unless, 111, 342, 12, 342, 53]": {
            "[:else, 112, 342, 12, 342, 53]": 19,
            "[:then, 113, 342, 12, 342, 16]": 1
          }
        }
      },
      "/private/tmp/sorbet-deadcode/lib/sorbet_deadcode/lsp/client.rb": {
        "lines": [
          null,
          null,
          1,
          1,
          null,
          1,
          1,
          1,
          1,
          null,
          1,
          null,
          1,
          1,
          1,
          1,
          null,
          1,
          1,
          1,
          1,
          null,
          null,
          1,
          8,
          8,
          null,
          8,
          null,
          null,
          null,
          null,
          null,
          7,
          null,
          null,
          1,
          6,
          6,
          null,
          6,
          null,
          null,
          null,
          null,
          null,
          null,
          1,
          5,
          null,
          null,
          1,
          5,
          null,
          3,
          3,
          3,
          null,
          null,
          null,
          5,
          null,
          null,
          1,
          null,
          1,
          4,
          4,
          4,
          4,
          null,
          4,
          2,
          1,
          null,
          null,
          null,
          1,
          15,
          15,
          null,
          13,
          null,
          null,
          null,
          null,
          null,
          null,
          1,
          39,
          null,
          null,
          1,
          1,
          null,
          null,
          null,
          1,
          1,
          null,
          null,
          1,
          15,
          null,
          null,
          null,
          null,
          null,
          1,
          15,
          null,
          null,
          1,
          14,
          null,
          13,
          13,
          null,
          null,
          null,
          null,
          null,
          null,
          null,
          13,
          null,
          null,
          1,
          32,
          null,
          null,
          1,
          26,
          26,
          null,
          null,
          null,
          null,
          null,
          26,
          26,
          null,
          null,
          1,
          6,
          6,
          null,
          null,
          null,
          null,
          null,
          6,
          6,
          null,
          null,
          1,
          31,
          null,
          null,
          null,
          null,
          31,
          null,
          null,
          1,
          63,
          63,
          63,
          63,
          63,
          null,
          null,
          1,
          34,
          3,
          3,
          2,
          null,
          null,
          31,
          34,
          34,
          null,
          33,
          30,
          1,
          null,
          29,
          3,
          2,
          null,
          null,
          null,
          null,
          1,
          37,
          null,
          37,
          74,
          74,
          null,
          71,
          71,
          36,
          2,
          null,
          null,
          35,
          34,
          null,
          null,
          null,
          34,
          34,
          null,
          33,
          null,
          null,
          null,
          null
        ],
        "branches": {
          "[:unless, 0, 53, 8, 53, 30]": {
            "[:else, 1, 53, 8, 53, 30]": 3,
            "[:then, 2, 53, 8, 53, 14]": 2
          },
          "[:\"&.\", 3, 67, 8, 67, 21]": {
            "[:then, 4, 67, 8, 67, 21]": 3,
            "[:else, 5, 67, 8, 67, 21]": 1
          },
          "[:\"&.\", 6, 68, 8, 68, 22]": {
            "[:then, 7, 68, 8, 68, 22]": 3,
            "[:else, 8, 68, 8, 68, 22]": 1
          },
          "[:\"&.\", 9, 69, 8, 69, 31]": {
            "[:then, 10, 69, 8, 69, 31]": 3,
            "[:else, 11, 69, 8, 69, 31]": 1
          },
          "[:\"&.\", 12, 70, 8, 70, 29]": {
            "[:then, 13, 70, 8, 70, 29]": 3,
            "[:else, 14, 70, 8, 70, 29]": 1
          },
          "[:\"&.\", 15, 72, 11, 72, 31]": {
            "[:then, 16, 72, 11, 72, 31]": 3,
            "[:else, 17, 72, 11, 72, 31]": 1
          },
          "[:if, 18, 72, 8, 75, 11]": {
            "[:then, 19, 73, 10, 74, 30]": 2,
            "[:else, 20, 72, 8, 75, 11]": 2
          },
          "[:if, 21, 80, 8, 80, 44]": {
            "[:then, 22, 80, 8, 80, 14]": 2,
            "[:else, 23, 80, 8, 80, 44]": 13
          },
          "[:if, 24, 114, 8, 114, 45]": {
            "[:then, 25, 114, 8, 114, 14]": 1,
            "[:else, 26, 114, 8, 114, 45]": 13
          },
          "[:if, 27, 174, 8, 178, 11]": {
            "[:then, 28, 175, 10, 177, 30]": 3,
            "[:else, 29, 174, 8, 178, 11]": 31
          },
          "[:if, 30, 176, 10, 176, 83]": {
            "[:then, 31, 176, 10, 176, 62]": 1,
            "[:else, 32, 176, 10, 176, 83]": 2
          },
          "[:unless, 33, 182, 10, 182, 35]": {
            "[:else, 34, 182, 10, 182, 35]": 33,
            "[:then, 35, 182, 10, 182, 20]": 1
          },
          "[:if, 36, 184, 10, 191, 13]": {
            "[:then, 37, 185, 12, 188, 36]": 30,
            "[:else, 38, 189, 10, 191, 13]": 3
          },
          "[:if, 39, 185, 12, 187, 15]": {
            "[:then, 40, 186, 14, 186, 70]": 1,
            "[:else, 41, 185, 12, 187, 15]": 29
          },
          "[:if, 42, 189, 10, 191, 13]": {
            "[:then, 43, 190, 12, 190, 55]": 2,
            "[:else, 44, 189, 10, 191, 13]": 1
          },
          "[:if, 45, 200, 10, 200, 33]": {
            "[:then, 46, 200, 10, 200, 20]": 3,
            "[:else, 47, 200, 10, 200, 33]": 71
          },
          "[:if, 48, 203, 10, 206, 13]": {
            "[:then, 49, 204, 12, 205, 16]": 36,
            "[:else, 50, 203, 10, 206, 13]": 35
          },
          "[:if, 51, 204, 12, 204, 35]": {
            "[:then, 52, 204, 12, 204, 17]": 34,
            "[:else, 53, 204, 12, 204, 35]": 2
          },
          "[:if, 54, 208, 10, 210, 13]": {
            "[:then, 55, 209, 12, 209, 60]": 34,
            "[:else, 56, 208, 10, 210, 13]": 1
          },
          "[:if, 57, 214, 8, 214, 46]": {
            "[:then, 58, 214, 8, 214, 18]": 1,
            "[:else, 59, 214, 8, 214, 46]": 33
          }
        }
      },
      "/private/tmp/sorbet-deadcode/lib/sorbet_deadcode/lsp/dead_code_finder.rb": {
        "lines": [
          null,
          null,
          1,
          1,
          1,
          1,
          null,
          1,
          24,
          24,
          24,
          24,
          24,
          null,
          null,
          1,
          12,
          12,
          null,
          12,
          1,
          1,
          null,
          null,
          11,
          null,
          11,
          null,
          11,
          null,
          11,
          null,
          null,
          11,
          null,
          null,
          1,
          null,
          1,
          12,
          12,
          1,
          null,
          11,
          null,
          null,
          13,
          null,
          null,
          null,
          1,
          12,
          12,
          12,
          12,
          12,
          null,
          11,
          11,
          11,
          null,
          12,
          null,
          null,
          1,
          10,
          3,
          null,
          7,
          null,
          null,
          null,
          1,
          8,
          8,
          null,
          8,
          20,
          null,
          20,
          20,
          20,
          null,
          19,
          19,
          null,
          19,
          18,
          18,
          null,
          1,
          null,
          null,
          8,
          8,
          null,
          null,
          1,
          4,
          4,
          4,
          null,
          4,
          7,
          12,
          12,
          12,
          null,
          11,
          11,
          null,
          11,
          null,
          1,
          1,
          null,
          null,
          null,
          7,
          12,
          12,
          null,
          12,
          null,
          null,
          10,
          null,
          1,
          1,
          null,
          null,
          9,
          9,
          9,
          null,
          9,
          9,
          null,
          null,
          null,
          4,
          4,
          null,
          null,
          1,
          38,
          38,
          38,
          null,
          37,
          null,
          17,
          17,
          16,
          16,
          null,
          null,
          12,
          12,
          11,
          null,
          null,
          2,
          2,
          1,
          null,
          null,
          2,
          2,
          null,
          3,
          3,
          3,
          null,
          null,
          6,
          null,
          null,
          1,
          31,
          null,
          29,
          null,
          29,
          6,
          6,
          null,
          6,
          null,
          6,
          2,
          2,
          null,
          null,
          6,
          null,
          null,
          null,
          null,
          null
        ],
        "branches": {
          "[:if, 0, 20, 8, 23, 11]": {
            "[:then, 1, 21, 10, 22, 19]": 1,
            "[:else, 2, 20, 8, 23, 11]": 11
          },
          "[:if, 3, 41, 10, 45, 13]": {
            "[:then, 4, 42, 12, 42, 18]": 1,
            "[:else, 5, 44, 12, 44, 51]": 11
          },
          "[:unless, 6, 56, 10, 56, 37]": {
            "[:else, 7, 56, 10, 56, 37]": 11,
            "[:then, 8, 56, 10, 56, 14]": 1
          },
          "[:if, 9, 66, 8, 70, 11]": {
            "[:then, 10, 67, 10, 67, 49]": 3,
            "[:else, 11, 69, 10, 69, 51]": 7
          },
          "[:unless, 12, 82, 10, 82, 43]": {
            "[:else, 13, 82, 10, 82, 43]": 19,
            "[:then, 14, 82, 10, 82, 14]": 1
          },
          "[:if, 15, 89, 10, 89, 42]": {
            "[:then, 16, 89, 10, 89, 22]": 17,
            "[:else, 17, 89, 10, 89, 42]": 1
          },
          "[:unless, 18, 107, 12, 107, 49]": {
            "[:else, 19, 107, 12, 107, 49]": 11,
            "[:then, 20, 107, 12, 107, 20]": 1
          },
          "[:unless, 21, 123, 12, 123, 30]": {
            "[:else, 22, 123, 12, 123, 30]": 10,
            "[:then, 23, 123, 12, 123, 16]": 2
          },
          "[:if, 24, 137, 12, 137, 44]": {
            "[:then, 25, 137, 12, 137, 24]": 8,
            "[:else, 26, 137, 12, 137, 44]": 1
          },
          "[:unless, 27, 148, 8, 148, 35]": {
            "[:else, 28, 148, 8, 148, 35]": 37,
            "[:then, 29, 148, 8, 148, 16]": 1
          },
          "[:case, 30, 150, 8, 174, 11]": {
            "[:when, 31, 152, 10, 156, 13]": 17,
            "[:when, 32, 158, 10, 161, 13]": 12,
            "[:when, 33, 163, 10, 166, 13]": 2,
            "[:when, 34, 168, 10, 169, 40]": 2,
            "[:when, 35, 171, 10, 173, 40]": 3,
            "[:else, 36, 150, 8, 174, 11]": 1
          },
          "[:if, 37, 153, 10, 156, 13]": {
            "[:then, 38, 154, 12, 155, 29]": 16,
            "[:else, 39, 153, 10, 156, 13]": 1
          },
          "[:if, 40, 159, 10, 161, 13]": {
            "[:then, 41, 160, 12, 160, 61]": 11,
            "[:else, 42, 159, 10, 161, 13]": 1
          },
          "[:if, 43, 164, 10, 166, 13]": {
            "[:then, 44, 165, 12, 165, 61]": 1,
            "[:else, 45, 164, 10, 166, 13]": 1
          },
          "[:if, 46, 169, 10, 169, 40]": {
            "[:then, 47, 169, 10, 169, 31]": 1,
            "[:else, 48, 169, 10, 169, 40]": 1
          },
          "[:if, 49, 173, 10, 173, 40]": {
            "[:then, 50, 173, 10, 173, 31]": 2,
            "[:else, 51, 173, 10, 173, 40]": 1
          },
          "[:unless, 52, 180, 8, 180, 42]": {
            "[:else, 53, 180, 8, 180, 42]": 29,
            "[:then, 54, 180, 8, 180, 17]": 2
          },
          "[:\"&.\", 55, 191, 23, 191, 53]": {
            "[:then, 56, 191, 23, 191, 53]": 1,
            "[:else, 57, 191, 23, 191, 53]": 1
          },
          "[:\"&.\", 58, 192, 12, 192, 34]": {
            "[:then, 59, 192, 12, 192, 34]": 1,
            "[:else, 60, 192, 12, 192, 34]": 1
          }
        }
      },
      "/private/tmp/sorbet-deadcode/lib/sorbet_deadcode/lsp/hybrid_finder.rb": {
        "lines": [
          null,
          null,
          1,
          1,
          1,
          1,
          null,
          1,
          25,
          25,
          25,
          25,
          25,
          null,
          null,
          1,
          6,
          6,
          1,
          1,
          null,
          null,
          5,
          null,
          5,
          null,
          5,
          null,
          5,
          null,
          null,
          5,
          null,
          null,
          1,
          null,
          1,
          6,
          null,
          null,
          null,
          6,
          null,
          null,
          1,
          5,
          5,
          null,
          5,
          2,
          null,
          3,
          null,
          null,
          5,
          5,
          null,
          null,
          1,
          3,
          null,
          3,
          6,
          null,
          6,
          5,
          null,
          null,
          null,
          3,
          null,
          null,
          1,
          2,
          2,
          null,
          2,
          2,
          4,
          7,
          null,
          null,
          4,
          7,
          7,
          null,
          7,
          null,
          6,
          6,
          6,
          null,
          null,
          null,
          2,
          null,
          null,
          1,
          8,
          8,
          8,
          null,
          6,
          6,
          null,
          6,
          null,
          null,
          1,
          7,
          7,
          7,
          null,
          6,
          6,
          null,
          6,
          6,
          6,
          null,
          null,
          1,
          16,
          null,
          14,
          14,
          14,
          14,
          null,
          14,
          5,
          5,
          null,
          5,
          null,
          5,
          2,
          2,
          null,
          null,
          5,
          null,
          null,
          null,
          1,
          26,
          26,
          26,
          null,
          25,
          null,
          11,
          11,
          10,
          10,
          null,
          null,
          6,
          6,
          null,
          2,
          2,
          null,
          2,
          2,
          null,
          3,
          3,
          3,
          null,
          null,
          6,
          null,
          null,
          null,
          null
        ],
        "branches": {
          "[:if, 0, 18, 8, 21, 11]": {
            "[:then, 1, 19, 10, 20, 19]": 1,
            "[:else, 2, 18, 8, 21, 11]": 5
          },
          "[:if, 3, 49, 8, 53, 11]": {
            "[:then, 4, 50, 10, 50, 75]": 2,
            "[:else, 5, 52, 10, 52, 77]": 3
          },
          "[:if, 6, 65, 10, 67, 13]": {
            "[:then, 7, 66, 12, 66, 34]": 5,
            "[:else, 8, 65, 10, 67, 13]": 1
          },
          "[:unless, 9, 87, 12, 87, 30]": {
            "[:else, 10, 87, 12, 87, 30]": 6,
            "[:then, 11, 87, 12, 87, 16]": 1
          },
          "[:if, 12, 91, 12, 91, 54]": {
            "[:then, 13, 91, 12, 91, 34]": 5,
            "[:else, 14, 91, 12, 91, 54]": 1
          },
          "[:unless, 15, 101, 8, 101, 47]": {
            "[:else, 16, 101, 8, 101, 47]": 6,
            "[:then, 17, 101, 8, 101, 18]": 2
          },
          "[:unless, 18, 112, 8, 112, 48]": {
            "[:else, 19, 112, 8, 112, 48]": 6,
            "[:then, 20, 112, 8, 112, 19]": 1
          },
          "[:unless, 21, 123, 8, 123, 42]": {
            "[:else, 22, 123, 8, 123, 42]": 14,
            "[:then, 23, 123, 8, 123, 17]": 2
          },
          "[:\"&.\", 24, 137, 23, 137, 53]": {
            "[:then, 25, 137, 23, 137, 53]": 1,
            "[:else, 26, 137, 23, 137, 53]": 1
          },
          "[:\"&.\", 27, 138, 12, 138, 34]": {
            "[:then, 28, 138, 12, 138, 34]": 1,
            "[:else, 29, 138, 12, 138, 34]": 1
          },
          "[:unless, 30, 148, 8, 148, 35]": {
            "[:else, 31, 148, 8, 148, 35]": 25,
            "[:then, 32, 148, 8, 148, 16]": 1
          },
          "[:case, 33, 150, 8, 170, 11]": {
            "[:when, 34, 152, 10, 156, 13]": 11,
            "[:when, 35, 158, 10, 159, 68]": 6,
            "[:when, 36, 161, 10, 162, 68]": 2,
            "[:when, 37, 164, 10, 165, 40]": 2,
            "[:when, 38, 167, 10, 169, 40]": 3,
            "[:else, 39, 150, 8, 170, 11]": 1
          },
          "[:if, 40, 153, 10, 156, 13]": {
            "[:then, 41, 154, 12, 155, 29]": 10,
            "[:else, 42, 153, 10, 156, 13]": 1
          },
          "[:if, 43, 159, 10, 159, 68]": {
            "[:then, 44, 159, 10, 159, 59]": 5,
            "[:else, 45, 159, 10, 159, 68]": 1
          },
          "[:if, 46, 162, 10, 162, 68]": {
            "[:then, 47, 162, 10, 162, 59]": 1,
            "[:else, 48, 162, 10, 162, 68]": 1
          },
          "[:if, 49, 165, 10, 165, 40]": {
            "[:then, 50, 165, 10, 165, 31]": 1,
            "[:else, 51, 165, 10, 165, 40]": 1
          },
          "[:if, 52, 169, 10, 169, 40]": {
            "[:then, 53, 169, 10, 169, 31]": 2,
            "[:else, 54, 169, 10, 169, 40]": 1
          }
        }
      },
      "/private/tmp/sorbet-deadcode/lib/sorbet_deadcode/sorbet/file_table_analyzer.rb": {
        "lines": [
          null,
          null,
          1,
          1,
          null,
          1,
          1,
          1,
          null,
          null,
          null,
          null,
          null,
          null,
          null,
          null,
          null,
          null,
          1,
          null,
          1,
          26,
          26,
          26,
          26,
          null,
          null,
          1,
          3,
          3,
          1,
          1,
          null,
          null,
          2,
          2,
          1,
          1,
          null,
          null,
          1,
          null,
          1,
          1,
          1,
          null,
          null,
          1,
          null,
          1,
          3,
          3,
          null,
          3,
          1,
          1,
          null,
          null,
          2,
          null,
          1,
          1,
          null,
          null,
          1,
          35,
          35,
          null,
          32,
          32,
          null,
          32,
          31,
          31,
          null,
          31,
          21,
          null,
          10,
          9,
          9,
          null,
          null,
          null,
          null,
          null,
          null,
          null,
          10,
          9,
          9,
          9,
          null,
          null,
          null,
          null,
          null,
          null,
          null,
          null,
          null,
          null,
          32,
          32,
          19,
          9,
          null,
          10,
          null,
          null,
          19,
          20,
          null,
          null,
          null,
          32,
          null,
          null,
          1,
          60,
          59,
          null,
          null,
          1,
          18,
          18,
          null,
          null,
          null,
          null,
          null,
          null,
          null,
          null,
          1,
          1,
          null,
          null,
          null,
          1,
          2,
          1,
          null,
          null,
          1,
          6,
          6,
          null,
          6,
          7,
          null,
          3,
          null,
          2,
          null,
          null,
          null,
          6,
          11,
          null,
          3,
          null,
          null,
          5,
          null,
          3,
          null,
          null,
          null,
          null,
          1,
          1,
          null,
          null,
          null,
          null,
          null,
          null,
          null
        ],
        "branches": {
          "[:unless, 0, 30, 8, 33, 11]": {
            "[:else, 1, 30, 8, 33, 11]": 2,
            "[:then, 2, 31, 10, 32, 40]": 1
          },
          "[:if, 3, 36, 8, 39, 11]": {
            "[:then, 4, 37, 10, 38, 19]": 1,
            "[:else, 5, 36, 8, 39, 11]": 1
          },
          "[:unless, 6, 54, 8, 57, 11]": {
            "[:else, 7, 54, 8, 57, 11]": 2,
            "[:then, 8, 55, 10, 56, 20]": 1
          },
          "[:unless, 9, 67, 8, 67, 43]": {
            "[:else, 10, 67, 8, 67, 43]": 32,
            "[:then, 11, 67, 8, 67, 19]": 3
          },
          "[:if, 12, 72, 8, 101, 11]": {
            "[:then, 13, 73, 10, 100, 13]": 31,
            "[:else, 14, 72, 8, 101, 11]": 1
          },
          "[:unless, 15, 76, 10, 100, 13]": {
            "[:else, 16, 76, 10, 100, 13]": 10,
            "[:then, 17, 77, 12, 99, 15]": 21
          },
          "[:case, 18, 77, 12, 99, 15]": {
            "[:when, 19, 79, 14, 87, 17]": 10,
            "[:when, 20, 89, 14, 98, 17]": 10,
            "[:else, 21, 77, 12, 99, 15]": 1
          },
          "[:if, 22, 79, 14, 87, 17]": {
            "[:then, 23, 80, 16, 86, 17]": 9,
            "[:else, 24, 79, 14, 87, 17]": 1
          },
          "[:if, 25, 89, 14, 98, 17]": {
            "[:then, 26, 90, 16, 97, 17]": 9,
            "[:else, 27, 89, 14, 98, 17]": 1
          },
          "[:if, 28, 91, 28, 91, 76]": {
            "[:then, 29, 91, 36, 91, 69]": 8,
            "[:else, 30, 91, 72, 91, 76]": 1
          },
          "[:if, 31, 104, 8, 114, 11]": {
            "[:then, 32, 105, 10, 113, 13]": 19,
            "[:else, 33, 104, 8, 114, 11]": 13
          },
          "[:if, 34, 105, 21, 109, 13]": {
            "[:then, 35, 106, 12, 106, 50]": 9,
            "[:else, 36, 108, 12, 108, 21]": 10
          },
          "[:unless, 37, 120, 8, 120, 31]": {
            "[:else, 38, 120, 8, 120, 31]": 59,
            "[:then, 39, 120, 8, 120, 19]": 1
          },
          "[:if, 40, 125, 16, 125, 61]": {
            "[:then, 41, 125, 35, 125, 38]": 10,
            "[:else, 42, 125, 41, 125, 61]": 8
          },
          "[:case, 43, 150, 10, 155, 13]": {
            "[:when, 44, 152, 12, 152, 40]": 3,
            "[:when, 45, 154, 12, 154, 42]": 2,
            "[:else, 46, 150, 10, 155, 13]": 2
          },
          "[:case, 47, 159, 10, 167, 13]": {
            "[:when, 48, 161, 12, 162, 58]": 3,
            "[:when, 49, 164, 12, 164, 49]": 5,
            "[:else, 50, 166, 12, 166, 16]": 3
          }
        }
      },
      "/private/tmp/sorbet-deadcode/lib/sorbet_deadcode/verifier/ripgrep_verifier.rb": {
        "lines": [
          null,
          null,
          1,
          1,
          1,
          null,
          1,
          1,
          1,
          1,
          12,
          12,
          null,
          null,
          null,
          null,
          1,
          7,
          null,
          6,
          6,
          null,
          6,
          null,
          6,
          null,
          73,
          6,
          6,
          null,
          7,
          null,
          null,
          1,
          null,
          1,
          6,
          6,
          6,
          6,
          null,
          null,
          1,
          6,
          null,
          6,
          6,
          129,
          null,
          6,
          null,
          null,
          1,
          null,
          null,
          null,
          null,
          6,
          7,
          6,
          6,
          null,
          null,
          1,
          3,
          null,
          null,
          2,
          null,
          null,
          1,
          67,
          null,
          null,
          67,
          null,
          null,
          null,
          null
        ],
        "branches": {
          "[:if, 0, 31, 8, 31, 78]": {
            "[:then, 1, 31, 8, 31, 33]": 6,
            "[:else, 2, 31, 8, 31, 78]": 1
          },
          "[:if, 3, 18, 8, 18, 38]": {
            "[:then, 4, 18, 8, 18, 17]": 1,
            "[:else, 5, 18, 8, 18, 38]": 6
          },
          "[:if, 6, 65, 8, 65, 41]": {
            "[:then, 7, 65, 8, 65, 19]": 1,
            "[:else, 8, 65, 8, 65, 41]": 2
          }
        }
      }
    },
    "timestamp": 1780189650
  }
}
